<?xml version="1.0" encoding="UTF-8"?>
<testsuite xmlns:xsi="http://www.w3.org/2001/XMLSchema-instance" xsi:noNamespaceSchemaLocation="https://maven.apache.org/surefire/maven-surefire-plugin/xsd/surefire-test-report.xsd" name="ba.unsa.etf.rpr.ExpressionEvaluatorTest" time="0.077" tests="8" errors="0" skipped="0" failures="0">
  <properties>
[...]
</properties>
  <testcase name="testIsOperator" classname="ba.unsa.etf.rpr.ExpressionEvaluatorTest" time="0.05"/>
  <testcase name="testValidExpression" classname="ba.unsa.etf.rpr.ExpressionEvaluatorTest" time="0.003"/>
  <testcase name="testIsNumber" classname="ba.unsa.etf.rpr.ExpressionEvaluatorTest" time="0.001"/>
  <testcase name="testEvaluate" classname="ba.unsa.etf.rpr.ExpressionEvaluatorTest" time="0.002"/>
  <testcase name="testEvaluate1" classname="ba.unsa.etf.rpr.ExpressionEvaluatorTest" time="0.002"/>
  <testcase name="testEvaluate2" classname="ba.unsa.etf.rpr.ExpressionEvaluatorTest" time="0.001"/>
  <testcase name="testEvaluate3" classname="ba.unsa.etf.rpr.ExpressionEvaluatorTest" time="0.002"/>
  <testcase name="testEvaluate4" classname="ba.unsa.etf.rpr.ExpressionEvaluatorTest" time="0.002"/>
</testsuite>